2024-04-18 16:42:26.638 [info] Extension host with pid 19448 started
2024-04-18 16:42:26.638 [info] Skipping acquiring lock for /home/kyawkyawlin/React_Projects/react-blog/~/.vscode-root/User/workspaceStorage/2a0676c749fd1c87e40e7679eaecd93a.
2024-04-18 16:42:26.692 [info] ExtensionService#_doActivateExtension vscode.git-base, startup: true, activationEvent: '*'
2024-04-18 16:42:26.697 [info] ExtensionService#_doActivateExtension vscode.npm, startup: true, activationEvent: 'workspaceContains:package.json'
2024-04-18 16:42:26.732 [info] ExtensionService#_doActivateExtension vscode.github, startup: true, activationEvent: '*'
2024-04-18 16:42:26.783 [info] Eager extensions activated
2024-04-18 16:42:26.804 [info] ExtensionService#_doActivateExtension vscode.debug-auto-launch, startup: false, activationEvent: 'onStartupFinished'
2024-04-18 16:42:26.810 [info] ExtensionService#_doActivateExtension vscode.merge-conflict, startup: false, activationEvent: 'onStartupFinished'
2024-04-18 16:42:28.562 [info] ExtensionService#_doActivateExtension vscode.git, startup: false, activationEvent: 'api', root cause: vscode.github
2024-04-18 16:42:34.312 [info] ExtensionService#_doActivateExtension vscode.typescript-language-features, startup: false, activationEvent: 'onLanguage:javascript'
2024-04-18 16:42:34.369 [info] ExtensionService#_doActivateExtension vscode.emmet, startup: false, activationEvent: 'onLanguage'
2024-04-18 17:17:12.411 [info] ExtensionService#_doActivateExtension vscode.extension-editing, startup: false, activationEvent: 'onLanguage:json'
2024-04-18 17:17:12.425 [info] ExtensionService#_doActivateExtension vscode.json-language-features, startup: false, activationEvent: 'onLanguage:json'
2024-04-18 17:17:18.690 [warning] [Decorations] CAPPING events from decorations provider vscode.git 251
2024-04-18 17:17:23.706 [warning] [Decorations] CAPPING events from decorations provider vscode.git 260
2024-04-18 17:17:28.720 [warning] [Decorations] CAPPING events from decorations provider vscode.git 260
2024-04-18 17:17:56.925 [warning] [Decorations] CAPPING events from decorations provider vscode.git 260
2024-04-18 17:18:01.942 [warning] [Decorations] CAPPING events from decorations provider vscode.git 260
2024-04-18 17:18:06.955 [warning] [Decorations] CAPPING events from decorations provider vscode.git 260
2024-04-18 17:22:39.815 [warning] [Decorations] CAPPING events from decorations provider vscode.git 261
2024-04-18 17:22:44.834 [warning] [Decorations] CAPPING events from decorations provider vscode.git 261
2024-04-18 17:22:50.070 [warning] [Decorations] CAPPING events from decorations provider vscode.git 262
2024-04-18 17:22:55.099 [warning] [Decorations] CAPPING events from decorations provider vscode.git 262
2024-04-18 17:23:00.239 [warning] [Decorations] CAPPING events from decorations provider vscode.git 263
2024-04-18 17:23:05.258 [warning] [Decorations] CAPPING events from decorations provider vscode.git 262
2024-04-18 17:23:10.276 [warning] [Decorations] CAPPING events from decorations provider vscode.git 263
2024-04-18 17:23:16.330 [warning] [Decorations] CAPPING events from decorations provider vscode.git 264
2024-04-18 17:23:21.350 [warning] [Decorations] CAPPING events from decorations provider vscode.git 263
2024-04-18 17:23:26.364 [warning] [Decorations] CAPPING events from decorations provider vscode.git 264
2024-04-18 17:23:31.377 [warning] [Decorations] CAPPING events from decorations provider vscode.git 265
2024-04-18 17:23:36.392 [warning] [Decorations] CAPPING events from decorations provider vscode.git 268
2024-04-18 17:23:41.408 [warning] [Decorations] CAPPING events from decorations provider vscode.git 275
2024-04-18 17:23:46.421 [warning] [Decorations] CAPPING events from decorations provider vscode.git 286
2024-04-18 17:23:51.435 [warning] [Decorations] CAPPING events from decorations provider vscode.git 287
2024-04-18 17:23:56.451 [warning] [Decorations] CAPPING events from decorations provider vscode.git 292
2024-04-18 17:24:01.468 [warning] [Decorations] CAPPING events from decorations provider vscode.git 292
2024-04-18 17:24:06.487 [warning] [Decorations] CAPPING events from decorations provider vscode.git 300
2024-04-18 17:24:13.060 [info] ExtensionService#_doActivateExtension Zignd.html-css-class-completion, startup: false, activationEvent: '*'
2024-04-18 17:24:19.161 [warning] [Decorations] CAPPING events from decorations provider vscode.git 316
2024-04-18 17:24:24.175 [warning] [Decorations] CAPPING events from decorations provider vscode.git 317
2024-04-18 17:24:29.191 [warning] [Decorations] CAPPING events from decorations provider vscode.git 319
2024-04-18 17:24:34.206 [warning] [Decorations] CAPPING events from decorations provider vscode.git 319
2024-04-18 17:24:39.219 [warning] [Decorations] CAPPING events from decorations provider vscode.git 320
2024-04-18 17:25:48.877 [warning] [Decorations] CAPPING events from decorations provider vscode.git 319
2024-04-18 17:25:53.903 [warning] [Decorations] CAPPING events from decorations provider vscode.git 319
2024-04-18 17:25:58.921 [warning] [Decorations] CAPPING events from decorations provider vscode.git 320
2024-04-18 17:26:03.935 [warning] [Decorations] CAPPING events from decorations provider vscode.git 320
2024-04-18 17:26:09.046 [warning] [Decorations] CAPPING events from decorations provider vscode.git 320
2024-04-18 17:26:14.062 [warning] [Decorations] CAPPING events from decorations provider vscode.git 320
2024-04-18 17:26:19.077 [warning] [Decorations] CAPPING events from decorations provider vscode.git 320
2024-04-18 17:26:24.096 [warning] [Decorations] CAPPING events from decorations provider vscode.git 321
2024-04-18 17:26:29.112 [warning] [Decorations] CAPPING events from decorations provider vscode.git 320
2024-04-18 17:26:34.139 [warning] [Decorations] CAPPING events from decorations provider vscode.git 321
2024-04-18 17:26:39.154 [warning] [Decorations] CAPPING events from decorations provider vscode.git 321
2024-04-18 17:26:44.170 [warning] [Decorations] CAPPING events from decorations provider vscode.git 321
2024-04-18 17:26:49.186 [warning] [Decorations] CAPPING events from decorations provider vscode.git 321
2024-04-18 17:26:54.204 [warning] [Decorations] CAPPING events from decorations provider vscode.git 322
2024-04-18 17:46:43.328 [warning] [Decorations] CAPPING events from decorations provider vscode.git 321
2024-04-18 17:46:48.352 [warning] [Decorations] CAPPING events from decorations provider vscode.git 321
2024-04-18 17:46:53.366 [warning] [Decorations] CAPPING events from decorations provider vscode.git 322
2024-04-18 17:49:21.701 [warning] [Decorations] CAPPING events from decorations provider vscode.git 323
2024-04-18 17:49:26.716 [warning] [Decorations] CAPPING events from decorations provider vscode.git 322
2024-04-18 17:49:32.194 [warning] [Decorations] CAPPING events from decorations provider vscode.git 323
2024-04-18 17:49:37.209 [warning] [Decorations] CAPPING events from decorations provider vscode.git 323
2024-04-18 17:49:42.224 [warning] [Decorations] CAPPING events from decorations provider vscode.git 323
2024-04-18 17:49:47.239 [warning] [Decorations] CAPPING events from decorations provider vscode.git 323
2024-04-18 17:49:52.256 [warning] [Decorations] CAPPING events from decorations provider vscode.git 324
2024-04-18 17:49:57.272 [warning] [Decorations] CAPPING events from decorations provider vscode.git 324
2024-04-18 17:50:02.287 [warning] [Decorations] CAPPING events from decorations provider vscode.git 324
2024-04-18 17:50:07.302 [warning] [Decorations] CAPPING events from decorations provider vscode.git 323
2024-04-18 17:50:12.317 [warning] [Decorations] CAPPING events from decorations provider vscode.git 323
2024-04-18 17:50:22.290 [warning] [Decorations] CAPPING events from decorations provider vscode.git 324
2024-04-18 17:50:27.309 [warning] [Decorations] CAPPING events from decorations provider vscode.git 324
2024-04-18 17:51:44.145 [warning] [Decorations] CAPPING events from decorations provider vscode.git 324
2024-04-18 17:51:49.161 [warning] [Decorations] CAPPING events from decorations provider vscode.git 324
2024-04-18 17:52:14.734 [warning] [Decorations] CAPPING events from decorations provider vscode.git 336
2024-04-18 17:52:19.757 [warning] [Decorations] CAPPING events from decorations provider vscode.git 336
2024-04-18 17:52:24.775 [warning] [Decorations] CAPPING events from decorations provider vscode.git 336
2024-04-18 17:52:29.793 [warning] [Decorations] CAPPING events from decorations provider vscode.git 336
2024-04-18 17:52:34.812 [warning] [Decorations] CAPPING events from decorations provider vscode.git 337
2024-04-18 17:52:39.833 [warning] [Decorations] CAPPING events from decorations provider vscode.git 337
2024-04-18 17:52:44.851 [warning] [Decorations] CAPPING events from decorations provider vscode.git 338
2024-04-18 17:52:49.869 [warning] [Decorations] CAPPING events from decorations provider vscode.git 338
2024-04-18 17:52:54.888 [warning] [Decorations] CAPPING events from decorations provider vscode.git 339
2024-04-18 17:52:59.905 [warning] [Decorations] CAPPING events from decorations provider vscode.git 338
2024-04-18 17:53:04.924 [warning] [Decorations] CAPPING events from decorations provider vscode.git 339
2024-04-18 17:53:10.026 [warning] [Decorations] CAPPING events from decorations provider vscode.git 339
2024-04-18 17:53:15.045 [warning] [Decorations] CAPPING events from decorations provider vscode.git 339
2024-04-18 17:53:20.061 [warning] [Decorations] CAPPING events from decorations provider vscode.git 340
2024-04-18 17:53:25.076 [warning] [Decorations] CAPPING events from decorations provider vscode.git 340
2024-04-18 17:53:30.090 [warning] [Decorations] CAPPING events from decorations provider vscode.git 341
2024-04-18 17:53:35.109 [warning] [Decorations] CAPPING events from decorations provider vscode.git 340
2024-04-18 17:53:40.124 [warning] [Decorations] CAPPING events from decorations provider vscode.git 341
2024-04-18 17:53:47.614 [warning] [Decorations] CAPPING events from decorations provider vscode.git 342
2024-04-18 17:53:52.638 [warning] [Decorations] CAPPING events from decorations provider vscode.git 341
2024-04-18 17:53:57.656 [warning] [Decorations] CAPPING events from decorations provider vscode.git 341
2024-04-18 17:54:02.674 [warning] [Decorations] CAPPING events from decorations provider vscode.git 342
2024-04-18 17:54:07.695 [warning] [Decorations] CAPPING events from decorations provider vscode.git 342
2024-04-18 17:54:12.714 [warning] [Decorations] CAPPING events from decorations provider vscode.git 343
2024-04-18 17:57:18.643 [warning] [Decorations] CAPPING events from decorations provider vscode.git 344
2024-04-18 17:57:23.663 [warning] [Decorations] CAPPING events from decorations provider vscode.git 344
2024-04-18 17:57:28.679 [warning] [Decorations] CAPPING events from decorations provider vscode.git 344
2024-04-18 17:57:33.695 [warning] [Decorations] CAPPING events from decorations provider vscode.git 345
2024-04-18 17:57:38.715 [warning] [Decorations] CAPPING events from decorations provider vscode.git 346
2024-04-18 17:57:43.732 [warning] [Decorations] CAPPING events from decorations provider vscode.git 347
2024-04-18 17:57:48.747 [warning] [Decorations] CAPPING events from decorations provider vscode.git 347
2024-04-18 17:57:53.763 [warning] [Decorations] CAPPING events from decorations provider vscode.git 347
2024-04-18 17:57:58.783 [warning] [Decorations] CAPPING events from decorations provider vscode.git 347
2024-04-18 21:24:22.020 [warning] [Decorations] CAPPING events from decorations provider vscode.git 349
2024-04-18 21:24:27.038 [warning] [Decorations] CAPPING events from decorations provider vscode.git 348
2024-04-18 21:24:32.053 [warning] [Decorations] CAPPING events from decorations provider vscode.git 348
2024-04-18 21:24:37.069 [warning] [Decorations] CAPPING events from decorations provider vscode.git 350
2024-04-18 21:24:42.084 [warning] [Decorations] CAPPING events from decorations provider vscode.git 350
2024-04-18 21:24:47.102 [warning] [Decorations] CAPPING events from decorations provider vscode.git 350
2024-04-18 21:24:52.115 [warning] [Decorations] CAPPING events from decorations provider vscode.git 350
2024-04-18 21:24:57.132 [warning] [Decorations] CAPPING events from decorations provider vscode.git 350
2024-04-18 21:25:02.149 [warning] [Decorations] CAPPING events from decorations provider vscode.git 350
2024-04-18 21:25:07.171 [warning] [Decorations] CAPPING events from decorations provider vscode.git 350
2024-04-18 21:25:12.189 [warning] [Decorations] CAPPING events from decorations provider vscode.git 350
2024-04-18 21:25:17.225 [warning] [Decorations] CAPPING events from decorations provider vscode.git 350
2024-04-18 21:25:22.243 [warning] [Decorations] CAPPING events from decorations provider vscode.git 350
2024-04-18 21:25:27.262 [warning] [Decorations] CAPPING events from decorations provider vscode.git 350
2024-04-18 22:22:31.716 [warning] [Decorations] CAPPING events from decorations provider vscode.git 350
2024-04-18 22:22:36.735 [warning] [Decorations] CAPPING events from decorations provider vscode.git 350
2024-04-18 22:22:41.753 [warning] [Decorations] CAPPING events from decorations provider vscode.git 350
2024-04-18 22:22:46.774 [warning] [Decorations] CAPPING events from decorations provider vscode.git 352
2024-04-18 22:22:51.931 [warning] [Decorations] CAPPING events from decorations provider vscode.git 353
2024-04-18 22:22:56.950 [warning] [Decorations] CAPPING events from decorations provider vscode.git 353
2024-04-18 22:23:01.964 [warning] [Decorations] CAPPING events from decorations provider vscode.git 352
2024-04-18 22:23:06.984 [warning] [Decorations] CAPPING events from decorations provider vscode.git 353
2024-04-18 22:23:12.000 [warning] [Decorations] CAPPING events from decorations provider vscode.git 354
2024-04-18 22:23:17.015 [warning] [Decorations] CAPPING events from decorations provider vscode.git 353
2024-04-18 22:23:22.030 [warning] [Decorations] CAPPING events from decorations provider vscode.git 354
2024-04-18 22:23:27.044 [warning] [Decorations] CAPPING events from decorations provider vscode.git 355
2024-04-18 22:23:32.062 [warning] [Decorations] CAPPING events from decorations provider vscode.git 354
2024-04-18 22:23:39.521 [warning] [Decorations] CAPPING events from decorations provider vscode.git 355
2024-04-18 22:23:47.528 [warning] [Decorations] CAPPING events from decorations provider vscode.git 355
2024-04-18 22:29:27.263 [warning] [Decorations] CAPPING events from decorations provider vscode.git 355
2024-04-18 22:29:32.281 [warning] [Decorations] CAPPING events from decorations provider vscode.git 355
2024-04-18 22:29:37.298 [warning] [Decorations] CAPPING events from decorations provider vscode.git 355
2024-04-18 22:29:42.313 [warning] [Decorations] CAPPING events from decorations provider vscode.git 355
2024-04-18 22:29:47.331 [warning] [Decorations] CAPPING events from decorations provider vscode.git 355
2024-04-18 22:29:52.347 [warning] [Decorations] CAPPING events from decorations provider vscode.git 355
2024-04-18 22:29:57.365 [warning] [Decorations] CAPPING events from decorations provider vscode.git 355
2024-04-18 22:30:02.383 [warning] [Decorations] CAPPING events from decorations provider vscode.git 356
2024-04-18 22:30:07.402 [warning] [Decorations] CAPPING events from decorations provider vscode.git 356
2024-04-18 22:30:12.417 [warning] [Decorations] CAPPING events from decorations provider vscode.git 356
2024-04-18 22:30:18.474 [warning] [Decorations] CAPPING events from decorations provider vscode.git 357
2024-04-18 22:30:23.492 [warning] [Decorations] CAPPING events from decorations provider vscode.git 356
2024-04-18 22:30:28.509 [warning] [Decorations] CAPPING events from decorations provider vscode.git 357
2024-04-18 22:30:33.524 [warning] [Decorations] CAPPING events from decorations provider vscode.git 357
2024-04-18 22:30:38.538 [warning] [Decorations] CAPPING events from decorations provider vscode.git 357
2024-04-18 22:30:43.552 [warning] [Decorations] CAPPING events from decorations provider vscode.git 358
2024-04-18 22:30:50.826 [warning] [Decorations] CAPPING events from decorations provider vscode.git 358
2024-04-18 22:34:55.575 [warning] [Decorations] CAPPING events from decorations provider vscode.git 358
2024-04-18 22:35:00.591 [warning] [Decorations] CAPPING events from decorations provider vscode.git 358
2024-04-18 22:35:05.608 [warning] [Decorations] CAPPING events from decorations provider vscode.git 358
2024-04-18 22:35:10.623 [warning] [Decorations] CAPPING events from decorations provider vscode.git 359
2024-04-18 22:35:15.637 [warning] [Decorations] CAPPING events from decorations provider vscode.git 359
2024-04-18 22:35:20.654 [warning] [Decorations] CAPPING events from decorations provider vscode.git 359
2024-04-18 22:35:25.676 [warning] [Decorations] CAPPING events from decorations provider vscode.git 359
2024-04-18 22:35:30.702 [warning] [Decorations] CAPPING events from decorations provider vscode.git 359
2024-04-18 22:35:35.719 [warning] [Decorations] CAPPING events from decorations provider vscode.git 360
2024-04-18 22:35:40.743 [warning] [Decorations] CAPPING events from decorations provider vscode.git 361
2024-04-18 22:35:45.763 [warning] [Decorations] CAPPING events from decorations provider vscode.git 362
2024-04-18 22:35:56.643 [warning] [Decorations] CAPPING events from decorations provider vscode.git 361
2024-04-18 22:36:24.566 [warning] [Decorations] CAPPING events from decorations provider vscode.git 362
2024-04-18 22:36:34.974 [warning] [Decorations] CAPPING events from decorations provider vscode.git 363
2024-04-18 22:36:51.921 [warning] [Decorations] CAPPING events from decorations provider vscode.git 364
2024-04-18 22:36:56.936 [warning] [Decorations] CAPPING events from decorations provider vscode.git 364
2024-04-18 22:37:01.961 [warning] [Decorations] CAPPING events from decorations provider vscode.git 364
2024-04-18 22:37:06.981 [warning] [Decorations] CAPPING events from decorations provider vscode.git 365
2024-04-18 22:37:11.997 [warning] [Decorations] CAPPING events from decorations provider vscode.git 365
2024-04-18 22:37:17.012 [warning] [Decorations] CAPPING events from decorations provider vscode.git 365
2024-04-18 22:37:22.030 [warning] [Decorations] CAPPING events from decorations provider vscode.git 366
2024-04-18 22:37:27.045 [warning] [Decorations] CAPPING events from decorations provider vscode.git 366
2024-04-18 22:37:32.061 [warning] [Decorations] CAPPING events from decorations provider vscode.git 366
2024-04-18 22:37:38.354 [warning] [Decorations] CAPPING events from decorations provider vscode.git 365
2024-04-18 22:37:50.307 [warning] [Decorations] CAPPING events from decorations provider vscode.git 366
2024-04-18 22:38:22.555 [warning] [Decorations] CAPPING events from decorations provider vscode.git 366
2024-04-18 22:38:27.576 [warning] [Decorations] CAPPING events from decorations provider vscode.git 366
2024-04-18 22:38:32.593 [warning] [Decorations] CAPPING events from decorations provider vscode.git 366
2024-04-18 22:38:37.615 [warning] [Decorations] CAPPING events from decorations provider vscode.git 367
2024-04-18 22:38:42.636 [warning] [Decorations] CAPPING events from decorations provider vscode.git 367
2024-04-18 22:38:47.660 [warning] [Decorations] CAPPING events from decorations provider vscode.git 367
2024-04-18 22:38:52.679 [warning] [Decorations] CAPPING events from decorations provider vscode.git 367
2024-04-18 22:39:04.828 [warning] [Decorations] CAPPING events from decorations provider vscode.git 367
2024-04-18 22:39:09.845 [warning] [Decorations] CAPPING events from decorations provider vscode.git 367
2024-04-18 22:39:14.861 [warning] [Decorations] CAPPING events from decorations provider vscode.git 368
2024-04-18 22:39:19.876 [warning] [Decorations] CAPPING events from decorations provider vscode.git 369
2024-04-18 22:43:09.902 [warning] [Decorations] CAPPING events from decorations provider vscode.git 369
2024-04-18 22:43:14.919 [warning] [Decorations] CAPPING events from decorations provider vscode.git 369
2024-04-18 22:43:19.937 [warning] [Decorations] CAPPING events from decorations provider vscode.git 369
2024-04-18 22:43:24.952 [warning] [Decorations] CAPPING events from decorations provider vscode.git 369
2024-04-18 22:43:45.491 [warning] [Decorations] CAPPING events from decorations provider vscode.git 370
2024-04-18 22:43:50.509 [warning] [Decorations] CAPPING events from decorations provider vscode.git 370
2024-04-18 22:45:49.694 [warning] [Decorations] CAPPING events from decorations provider vscode.git 371
2024-04-18 22:45:54.713 [warning] [Decorations] CAPPING events from decorations provider vscode.git 370
2024-04-18 22:45:59.733 [warning] [Decorations] CAPPING events from decorations provider vscode.git 371
2024-04-18 22:46:09.772 [warning] [Decorations] CAPPING events from decorations provider vscode.git 371
2024-04-18 22:46:14.792 [warning] [Decorations] CAPPING events from decorations provider vscode.git 371
2024-04-18 22:46:19.816 [warning] [Decorations] CAPPING events from decorations provider vscode.git 371
2024-04-19 01:03:41.949 [warning] [Decorations] CAPPING events from decorations provider vscode.git 372
2024-04-19 01:03:44.744 [info] Extension host terminating: renderer closed the MessagePort
2024-04-19 01:03:44.971 [error] Canceled: Canceled
    at new O (/snap/code/157/usr/share/code/resources/app/out/vs/workbench/api/node/extensionHostProcess.js:142:46998)
    at u.U (/snap/code/157/usr/share/code/resources/app/out/vs/workbench/api/node/extensionHostProcess.js:149:5539)
    at Proxy.F.<computed>.T.charCodeAt.F.<computed> (/snap/code/157/usr/share/code/resources/app/out/vs/workbench/api/node/extensionHostProcess.js:149:2993)
    at d.g (/snap/code/157/usr/share/code/resources/app/out/vs/workbench/api/node/extensionHostProcess.js:152:186335)
    at d.executeCommand (/snap/code/157/usr/share/code/resources/app/out/vs/workbench/api/node/extensionHostProcess.js:152:185773)
    at E.registerCommand.description (/snap/code/157/usr/share/code/resources/app/out/vs/workbench/api/node/extensionHostProcess.js:152:185097)
    at d.h (/snap/code/157/usr/share/code/resources/app/out/vs/workbench/api/node/extensionHostProcess.js:152:186874)
    at d.g (/snap/code/157/usr/share/code/resources/app/out/vs/workbench/api/node/extensionHostProcess.js:152:185866)
    at d.executeCommand (/snap/code/157/usr/share/code/resources/app/out/vs/workbench/api/node/extensionHostProcess.js:152:185773)
    at Object.executeCommand (/snap/code/157/usr/share/code/resources/app/out/vs/workbench/api/node/extensionHostProcess.js:162:22785)
    at o.O [as value] (/snap/code/157/usr/share/code/resources/app/extensions/git/dist/main.js:2:945802)
    at s.y (/snap/code/157/usr/share/code/resources/app/out/vs/workbench/api/node/extensionHostProcess.js:82:659)
    at s.z (/snap/code/157/usr/share/code/resources/app/out/vs/workbench/api/node/extensionHostProcess.js:82:729)
    at s.fire (/snap/code/157/usr/share/code/resources/app/out/vs/workbench/api/node/extensionHostProcess.js:82:945)
    at Object.m [as dispose] (/snap/code/157/usr/share/code/resources/app/extensions/git/dist/main.js:2:964886)
    at /snap/code/157/usr/share/code/resources/app/extensions/git/dist/main.js:2:970920
    at Array.forEach (<anonymous>)
    at f.dispose (/snap/code/157/usr/share/code/resources/app/extensions/git/dist/main.js:2:970906)
    at a.<anonymous> (/snap/code/157/usr/share/code/resources/app/out/vs/workbench/api/node/extensionHostProcess.js:150:3830)
    at a.dispose (/snap/code/157/usr/share/code/resources/app/out/vs/workbench/api/node/extensionHostProcess.js:150:3927)
    at a.<anonymous> (/snap/code/157/usr/share/code/resources/app/extensions/git/dist/main.js:2:948059)
    at a.dispose (/snap/code/157/usr/share/code/resources/app/out/vs/workbench/api/node/extensionHostProcess.js:150:3927)
    at o (/snap/code/157/usr/share/code/resources/app/out/vs/workbench/api/node/extensionHostProcess.js:30:714)
    at m.eb (/snap/code/157/usr/share/code/resources/app/out/vs/workbench/api/node/extensionHostProcess.js:158:9967)
    at /snap/code/157/usr/share/code/resources/app/out/vs/workbench/api/node/extensionHostProcess.js:158:7816
    at Array.map (<anonymous>)
    at m.$ (/snap/code/157/usr/share/code/resources/app/out/vs/workbench/api/node/extensionHostProcess.js:158:7803)
    at m.terminate (/snap/code/157/usr/share/code/resources/app/out/vs/workbench/api/node/extensionHostProcess.js:158:8077)
    at o.terminate (/snap/code/157/usr/share/code/resources/app/out/vs/workbench/api/node/extensionHostProcess.js:162:1513)
    at t (/snap/code/157/usr/share/code/resources/app/out/vs/workbench/api/node/extensionHostProcess.js:175:9917)
    at MessagePortMain.<anonymous> (/snap/code/157/usr/share/code/resources/app/out/vs/workbench/api/node/extensionHostProcess.js:175:6342)
    at MessagePortMain.emit (node:events:517:28)
    at Object.MessagePortMain._internalPort.emit (node:electron/js2c/utility_init:2:2285) setContext undefined
2024-04-19 01:03:44.977 [error] Canceled: Canceled
    at new O (/snap/code/157/usr/share/code/resources/app/out/vs/workbench/api/node/extensionHostProcess.js:142:46998)
    at u.U (/snap/code/157/usr/share/code/resources/app/out/vs/workbench/api/node/extensionHostProcess.js:149:5539)
    at Proxy.F.<computed>.T.charCodeAt.F.<computed> (/snap/code/157/usr/share/code/resources/app/out/vs/workbench/api/node/extensionHostProcess.js:149:2993)
    at d.g (/snap/code/157/usr/share/code/resources/app/out/vs/workbench/api/node/extensionHostProcess.js:152:186335)
    at d.executeCommand (/snap/code/157/usr/share/code/resources/app/out/vs/workbench/api/node/extensionHostProcess.js:152:185773)
    at E.registerCommand.description (/snap/code/157/usr/share/code/resources/app/out/vs/workbench/api/node/extensionHostProcess.js:152:185097)
    at d.h (/snap/code/157/usr/share/code/resources/app/out/vs/workbench/api/node/extensionHostProcess.js:152:186874)
    at d.g (/snap/code/157/usr/share/code/resources/app/out/vs/workbench/api/node/extensionHostProcess.js:152:185866)
    at d.executeCommand (/snap/code/157/usr/share/code/resources/app/out/vs/workbench/api/node/extensionHostProcess.js:152:185773)
    at Object.executeCommand (/snap/code/157/usr/share/code/resources/app/out/vs/workbench/api/node/extensionHostProcess.js:162:22785)
    at a.VscodeDevShareProvider.set hasGitHubRepositories [as hasGitHubRepositories] (/snap/code/157/usr/share/code/resources/app/extensions/github/dist/extension.js:2:324866)
    at /snap/code/157/usr/share/code/resources/app/extensions/github/dist/extension.js:2:325825
    at o.value (/snap/code/157/usr/share/code/resources/app/extensions/git/dist/main.js:2:1051703)
    at s.y (/snap/code/157/usr/share/code/resources/app/out/vs/workbench/api/node/extensionHostProcess.js:82:659)
    at s.z (/snap/code/157/usr/share/code/resources/app/out/vs/workbench/api/node/extensionHostProcess.js:82:729)
    at s.fire (/snap/code/157/usr/share/code/resources/app/out/vs/workbench/api/node/extensionHostProcess.js:82:945)
    at Object.m [as dispose] (/snap/code/157/usr/share/code/resources/app/extensions/git/dist/main.js:2:964886)
    at /snap/code/157/usr/share/code/resources/app/extensions/git/dist/main.js:2:970920
    at Array.forEach (<anonymous>)
    at f.dispose (/snap/code/157/usr/share/code/resources/app/extensions/git/dist/main.js:2:970906)
    at a.<anonymous> (/snap/code/157/usr/share/code/resources/app/out/vs/workbench/api/node/extensionHostProcess.js:150:3830)
    at a.dispose (/snap/code/157/usr/share/code/resources/app/out/vs/workbench/api/node/extensionHostProcess.js:150:3927)
    at a.<anonymous> (/snap/code/157/usr/share/code/resources/app/extensions/git/dist/main.js:2:948059)
    at a.dispose (/snap/code/157/usr/share/code/resources/app/out/vs/workbench/api/node/extensionHostProcess.js:150:3927)
    at o (/snap/code/157/usr/share/code/resources/app/out/vs/workbench/api/node/extensionHostProcess.js:30:714)
    at m.eb (/snap/code/157/usr/share/code/resources/app/out/vs/workbench/api/node/extensionHostProcess.js:158:9967)
    at /snap/code/157/usr/share/code/resources/app/out/vs/workbench/api/node/extensionHostProcess.js:158:7816
    at Array.map (<anonymous>)
    at m.$ (/snap/code/157/usr/share/code/resources/app/out/vs/workbench/api/node/extensionHostProcess.js:158:7803)
    at m.terminate (/snap/code/157/usr/share/code/resources/app/out/vs/workbench/api/node/extensionHostProcess.js:158:8077)
    at o.terminate (/snap/code/157/usr/share/code/resources/app/out/vs/workbench/api/node/extensionHostProcess.js:162:1513)
    at t (/snap/code/157/usr/share/code/resources/app/out/vs/workbench/api/node/extensionHostProcess.js:175:9917)
    at MessagePortMain.<anonymous> (/snap/code/157/usr/share/code/resources/app/out/vs/workbench/api/node/extensionHostProcess.js:175:6342)
    at MessagePortMain.emit (node:events:517:28)
    at Object.MessagePortMain._internalPort.emit (node:electron/js2c/utility_init:2:2285) setContext undefined
2024-04-19 01:03:44.993 [info] Extension host with pid 19448 exiting with code 0
