2024-04-19 23:45:31.315 [info] Log level: Info
2024-04-19 23:45:31.315 [info] Validating found git in: "git"
2024-04-19 23:45:31.315 [info] Using git "2.34.1" from "git"
2024-04-19 23:45:31.315 [info] > git rev-parse --show-toplevel [21ms]
2024-04-19 23:45:31.316 [info] > git rev-parse --git-dir --git-common-dir [5ms]
2024-04-19 23:45:31.323 [info] Open repository: /home/kyawkyawlin/React_Projects/react-blog
2024-04-19 23:45:31.344 [info] > git config --get commit.template [5ms]
2024-04-19 23:45:31.349 [info] > git rev-parse --show-toplevel [7ms]
2024-04-19 23:45:31.393 [info] > git rev-parse --show-toplevel [7ms]
2024-04-19 23:45:31.393 [info] > git for-each-ref --format=%(refname)%00%(upstream:short)%00%(objectname)%00%(upstream:track)%00%(upstream:remotename)%00%(upstream:remoteref) refs/heads/master refs/remotes/master [20ms]
2024-04-19 23:45:31.422 [info] > git rev-parse --show-toplevel [7ms]
2024-04-19 23:45:31.438 [info] > git status -z -uall [37ms]
2024-04-19 23:45:31.438 [info] > git rev-parse --show-toplevel [3ms]
2024-04-19 23:45:31.470 [info] > git config --get commit.template [16ms]
2024-04-19 23:45:31.561 [info] > git for-each-ref --format=%(refname)%00%(upstream:short)%00%(objectname)%00%(upstream:track)%00%(upstream:remotename)%00%(upstream:remoteref) refs/heads/master refs/remotes/master [74ms]
2024-04-19 23:45:31.599 [info] > git status -z -uall [32ms]
2024-04-19 23:45:31.796 [info] > git show --textconv :src/Home.js [6ms]
2024-04-19 23:45:31.798 [info] > git ls-files --stage -- /home/kyawkyawlin/React_Projects/react-blog/src/Home.js [3ms]
2024-04-19 23:45:31.803 [info] > git cat-file -s 8a2f5d7cd7001f8d7965afb4ddeb5e35a7e3549a [1ms]
2024-04-19 23:45:31.897 [info] > git check-ignore -v -z --stdin [2ms]
2024-04-19 23:53:27.898 [info] > git config --get commit.template [11ms]
2024-04-19 23:53:27.902 [info] > git ls-files --stage -- /home/kyawkyawlin/React_Projects/react-blog/src/Home.js [5ms]
2024-04-19 23:53:27.909 [info] > git for-each-ref --format=%(refname)%00%(upstream:short)%00%(objectname)%00%(upstream:track)%00%(upstream:remotename)%00%(upstream:remoteref) refs/heads/master refs/remotes/master [8ms]
2024-04-19 23:53:27.912 [info] > git cat-file -s 8a2f5d7cd7001f8d7965afb4ddeb5e35a7e3549a [4ms]
2024-04-19 23:53:27.929 [info] > git status -z -uall [9ms]
2024-04-19 23:53:27.936 [info] > git show --textconv :src/Home.js [8ms]
2024-04-19 23:53:27.936 [info] > git merge-base refs/heads/master refs/remotes/origin/master [3ms]
2024-04-19 23:53:27.946 [info] > git rev-list --count --left-right refs/heads/master...refs/remotes/origin/master [2ms]
2024-04-19 23:53:27.952 [info] > git diff --name-status -z --diff-filter=ADMR e12f684f73e65272f3113807c8db12bdd74a9fd6...refs/remotes/origin/master [2ms]
2024-04-19 23:53:29.349 [info] > git show --textconv :src/index.css [5ms]
2024-04-19 23:53:29.350 [info] > git ls-files --stage -- /home/kyawkyawlin/React_Projects/react-blog/src/index.css [2ms]
2024-04-19 23:53:29.354 [info] > git cat-file -s ec2585e8c0bb8188184ed1e0703c4c8f2a8419b0 [1ms]
2024-04-19 23:53:45.450 [info] > git config --get commit.template [10ms]
2024-04-19 23:53:45.451 [info] > git for-each-ref --format=%(refname)%00%(upstream:short)%00%(objectname)%00%(upstream:track)%00%(upstream:remotename)%00%(upstream:remoteref) refs/heads/master refs/remotes/master [2ms]
2024-04-19 23:53:45.468 [info] > git status -z -uall [9ms]
2024-04-19 23:53:47.954 [info] > git show --textconv :src/Navbar.js [3ms]
2024-04-19 23:53:47.955 [info] > git ls-files --stage -- /home/kyawkyawlin/React_Projects/react-blog/src/Navbar.js [1ms]
2024-04-19 23:53:47.958 [info] > git cat-file -s 5c6c472cb68f52678c1f0fbe443ce020c80f793c [1ms]
2024-04-19 23:53:53.249 [info] > git config --get commit.template [6ms]
2024-04-19 23:53:53.251 [info] > git for-each-ref --format=%(refname)%00%(upstream:short)%00%(objectname)%00%(upstream:track)%00%(upstream:remotename)%00%(upstream:remoteref) refs/heads/master refs/remotes/master [3ms]
2024-04-19 23:53:53.263 [info] > git status -z -uall [7ms]
2024-04-19 23:54:30.332 [info] > git config --get commit.template [1ms]
2024-04-19 23:54:30.339 [info] > git for-each-ref --format=%(refname)%00%(upstream:short)%00%(objectname)%00%(upstream:track)%00%(upstream:remotename)%00%(upstream:remoteref) refs/heads/master refs/remotes/master [2ms]
2024-04-19 23:54:30.353 [info] > git status -z -uall [7ms]
2024-04-19 23:54:33.458 [info] > git show --textconv :src/Home.js [4ms]
2024-04-19 23:54:33.459 [info] > git ls-files --stage -- /home/kyawkyawlin/React_Projects/react-blog/src/Home.js [1ms]
2024-04-19 23:54:33.463 [info] > git cat-file -s 8a2f5d7cd7001f8d7965afb4ddeb5e35a7e3549a [1ms]
2024-04-19 23:54:35.364 [info] > git config --get commit.template [5ms]
2024-04-19 23:54:35.365 [info] > git for-each-ref --format=%(refname)%00%(upstream:short)%00%(objectname)%00%(upstream:track)%00%(upstream:remotename)%00%(upstream:remoteref) refs/heads/master refs/remotes/master [1ms]
2024-04-19 23:54:35.373 [info] > git status -z -uall [5ms]
2024-04-19 23:54:47.133 [info] > git config --get commit.template [7ms]
2024-04-19 23:54:47.134 [info] > git for-each-ref --format=%(refname)%00%(upstream:short)%00%(objectname)%00%(upstream:track)%00%(upstream:remotename)%00%(upstream:remoteref) refs/heads/master refs/remotes/master [3ms]
2024-04-19 23:54:47.148 [info] > git status -z -uall [8ms]
2024-04-19 23:54:49.376 [info] > git show --textconv :src/App.js [4ms]
2024-04-19 23:54:49.376 [info] > git ls-files --stage -- /home/kyawkyawlin/React_Projects/react-blog/src/App.js [1ms]
2024-04-19 23:54:49.379 [info] > git cat-file -s f937c19814578ddcfc410e11c0a8b0a30d3929e5 [1ms]
2024-04-19 23:55:02.078 [info] > git config --get commit.template [6ms]
2024-04-19 23:55:02.080 [info] > git for-each-ref --format=%(refname)%00%(upstream:short)%00%(objectname)%00%(upstream:track)%00%(upstream:remotename)%00%(upstream:remoteref) refs/heads/master refs/remotes/master [2ms]
2024-04-19 23:55:02.096 [info] > git status -z -uall [9ms]
2024-04-19 23:55:07.295 [info] > git config --get commit.template [10ms]
2024-04-19 23:55:07.296 [info] > git for-each-ref --format=%(refname)%00%(upstream:short)%00%(objectname)%00%(upstream:track)%00%(upstream:remotename)%00%(upstream:remoteref) refs/heads/master refs/remotes/master [2ms]
2024-04-19 23:55:07.309 [info] > git status -z -uall [5ms]
2024-04-19 23:56:21.507 [info] > git config --get commit.template [10ms]
2024-04-19 23:56:21.508 [info] > git for-each-ref --format=%(refname)%00%(upstream:short)%00%(objectname)%00%(upstream:track)%00%(upstream:remotename)%00%(upstream:remoteref) refs/heads/master refs/remotes/master [4ms]
2024-04-19 23:56:21.524 [info] > git status -z -uall [7ms]
2024-04-19 23:57:40.175 [info] > git config --get commit.template [9ms]
2024-04-19 23:57:40.176 [info] > git for-each-ref --format=%(refname)%00%(upstream:short)%00%(objectname)%00%(upstream:track)%00%(upstream:remotename)%00%(upstream:remoteref) refs/heads/chapter-10update-design refs/remotes/chapter-10update-design [2ms]
2024-04-19 23:57:40.206 [info] > git status -z -uall [18ms]
2024-04-19 23:57:40.206 [info] > git ls-files --stage -- /home/kyawkyawlin/React_Projects/react-blog/src/App.js [1ms]
2024-04-19 23:57:40.234 [info] > git cat-file -s f937c19814578ddcfc410e11c0a8b0a30d3929e5 [8ms]
2024-04-19 23:57:40.259 [info] > git show --textconv :src/App.js [3ms]
