2024-04-19 13:24:00.062 [info] Extension host with pid 6598 started
2024-04-19 13:24:00.062 [info] Skipping acquiring lock for /home/kyawkyawlin/React_Projects/react-blog/~/.vscode-root/User/workspaceStorage/2a0676c749fd1c87e40e7679eaecd93a.
2024-04-19 13:24:00.096 [info] ExtensionService#_doActivateExtension vscode.emmet, startup: false, activationEvent: 'onLanguage'
2024-04-19 13:24:00.146 [info] ExtensionService#_doActivateExtension vscode.typescript-language-features, startup: false, activationEvent: 'onLanguage:javascript'
2024-04-19 13:24:00.562 [info] ExtensionService#_doActivateExtension vscode.git-base, startup: true, activationEvent: '*', root cause: vscode.git
2024-04-19 13:24:00.564 [info] ExtensionService#_doActivateExtension Zignd.html-css-class-completion, startup: true, activationEvent: '*'
2024-04-19 13:24:00.618 [info] ExtensionService#_doActivateExtension vscode.npm, startup: true, activationEvent: 'workspaceContains:package.json'
2024-04-19 13:24:00.773 [info] ExtensionService#_doActivateExtension vscode.git, startup: true, activationEvent: '*'
2024-04-19 13:24:00.805 [info] ExtensionService#_doActivateExtension vscode.github, startup: true, activationEvent: '*'
2024-04-19 13:24:01.097 [warning] [Decorations] CAPPING events from decorations provider vscode.git 399
2024-04-19 13:24:01.257 [warning] [Decorations] CAPPING events from decorations provider vscode.git 399
2024-04-19 13:24:01.432 [info] Eager extensions activated
2024-04-19 13:24:01.456 [info] ExtensionService#_doActivateExtension vscode.debug-auto-launch, startup: false, activationEvent: 'onStartupFinished'
2024-04-19 13:24:01.465 [info] ExtensionService#_doActivateExtension vscode.merge-conflict, startup: false, activationEvent: 'onStartupFinished'
2024-04-19 13:25:18.985 [warning] [Decorations] CAPPING events from decorations provider vscode.git 403
2024-04-19 13:25:24.005 [warning] [Decorations] CAPPING events from decorations provider vscode.git 403
2024-04-19 13:25:29.025 [warning] [Decorations] CAPPING events from decorations provider vscode.git 404
2024-04-19 13:25:34.041 [warning] [Decorations] CAPPING events from decorations provider vscode.git 403
2024-04-19 13:25:39.061 [warning] [Decorations] CAPPING events from decorations provider vscode.git 403
2024-04-19 13:25:44.079 [warning] [Decorations] CAPPING events from decorations provider vscode.git 404
2024-04-19 13:25:49.098 [warning] [Decorations] CAPPING events from decorations provider vscode.git 405
2024-04-19 13:25:54.117 [warning] [Decorations] CAPPING events from decorations provider vscode.git 404
2024-04-19 13:25:59.134 [warning] [Decorations] CAPPING events from decorations provider vscode.git 404
2024-04-19 13:26:04.152 [warning] [Decorations] CAPPING events from decorations provider vscode.git 405
2024-04-19 13:26:09.169 [warning] [Decorations] CAPPING events from decorations provider vscode.git 406
2024-04-19 13:26:14.187 [warning] [Decorations] CAPPING events from decorations provider vscode.git 405
2024-04-19 13:26:19.204 [warning] [Decorations] CAPPING events from decorations provider vscode.git 405
2024-04-19 13:26:24.225 [warning] [Decorations] CAPPING events from decorations provider vscode.git 406
2024-04-19 13:26:29.245 [warning] [Decorations] CAPPING events from decorations provider vscode.git 406
2024-04-19 13:26:34.263 [warning] [Decorations] CAPPING events from decorations provider vscode.git 407
2024-04-19 13:26:40.482 [warning] [Decorations] CAPPING events from decorations provider vscode.git 408
2024-04-19 13:27:03.465 [warning] [Decorations] CAPPING events from decorations provider vscode.git 407
2024-04-19 13:27:08.485 [warning] [Decorations] CAPPING events from decorations provider vscode.git 407
2024-04-19 13:27:13.502 [warning] [Decorations] CAPPING events from decorations provider vscode.git 407
2024-04-19 13:27:18.519 [warning] [Decorations] CAPPING events from decorations provider vscode.git 408
2024-04-19 13:27:23.536 [warning] [Decorations] CAPPING events from decorations provider vscode.git 408
2024-04-19 13:27:34.299 [warning] [Decorations] CAPPING events from decorations provider vscode.git 408
2024-04-19 13:27:39.317 [warning] [Decorations] CAPPING events from decorations provider vscode.git 408
2024-04-19 13:27:44.346 [warning] [Decorations] CAPPING events from decorations provider vscode.git 409
2024-04-19 13:27:49.363 [warning] [Decorations] CAPPING events from decorations provider vscode.git 409
2024-04-19 13:27:54.381 [warning] [Decorations] CAPPING events from decorations provider vscode.git 409
2024-04-19 13:27:59.399 [warning] [Decorations] CAPPING events from decorations provider vscode.git 410
2024-04-19 13:28:06.653 [warning] [Decorations] CAPPING events from decorations provider vscode.git 410
2024-04-19 13:28:11.671 [warning] [Decorations] CAPPING events from decorations provider vscode.git 411
2024-04-19 13:28:18.916 [warning] [Decorations] CAPPING events from decorations provider vscode.git 410
2024-04-19 13:28:23.940 [warning] [Decorations] CAPPING events from decorations provider vscode.git 410
2024-04-19 13:28:28.959 [warning] [Decorations] CAPPING events from decorations provider vscode.git 410
2024-04-19 13:28:33.977 [warning] [Decorations] CAPPING events from decorations provider vscode.git 411
2024-04-19 13:28:38.994 [warning] [Decorations] CAPPING events from decorations provider vscode.git 411
2024-04-19 13:28:44.011 [warning] [Decorations] CAPPING events from decorations provider vscode.git 411
2024-04-19 13:28:50.829 [warning] [Decorations] CAPPING events from decorations provider vscode.git 412
2024-04-19 13:28:59.399 [warning] [Decorations] CAPPING events from decorations provider vscode.git 412
2024-04-19 13:29:04.417 [warning] [Decorations] CAPPING events from decorations provider vscode.git 413
2024-04-19 13:29:09.435 [warning] [Decorations] CAPPING events from decorations provider vscode.git 413
2024-04-19 13:29:14.453 [warning] [Decorations] CAPPING events from decorations provider vscode.git 413
2024-04-19 13:29:19.473 [warning] [Decorations] CAPPING events from decorations provider vscode.git 413
2024-04-19 13:29:24.494 [warning] [Decorations] CAPPING events from decorations provider vscode.git 413
2024-04-19 13:29:29.512 [warning] [Decorations] CAPPING events from decorations provider vscode.git 414
2024-04-19 13:29:34.529 [warning] [Decorations] CAPPING events from decorations provider vscode.git 415
2024-04-19 13:29:39.545 [warning] [Decorations] CAPPING events from decorations provider vscode.git 414
2024-04-19 13:29:44.561 [warning] [Decorations] CAPPING events from decorations provider vscode.git 415
2024-04-19 13:29:52.818 [warning] [Decorations] CAPPING events from decorations provider vscode.git 416
2024-04-19 13:29:57.836 [warning] [Decorations] CAPPING events from decorations provider vscode.git 415
2024-04-19 13:30:02.853 [warning] [Decorations] CAPPING events from decorations provider vscode.git 415
2024-04-19 13:30:07.873 [warning] [Decorations] CAPPING events from decorations provider vscode.git 415
2024-04-19 13:30:12.890 [warning] [Decorations] CAPPING events from decorations provider vscode.git 416
2024-04-19 13:30:21.535 [warning] [Decorations] CAPPING events from decorations provider vscode.git 416
2024-04-19 13:30:26.552 [warning] [Decorations] CAPPING events from decorations provider vscode.git 416
2024-04-19 13:30:31.568 [warning] [Decorations] CAPPING events from decorations provider vscode.git 416
2024-04-19 13:31:25.699 [warning] [Decorations] CAPPING events from decorations provider vscode.git 416
2024-04-19 13:31:30.720 [warning] [Decorations] CAPPING events from decorations provider vscode.git 418
2024-04-19 13:31:35.738 [warning] [Decorations] CAPPING events from decorations provider vscode.git 418
2024-04-19 13:31:40.756 [warning] [Decorations] CAPPING events from decorations provider vscode.git 417
2024-04-19 13:31:45.773 [warning] [Decorations] CAPPING events from decorations provider vscode.git 417
2024-04-19 13:31:53.547 [warning] [Decorations] CAPPING events from decorations provider vscode.git 417
2024-04-19 13:32:00.901 [warning] [Decorations] CAPPING events from decorations provider vscode.git 417
2024-04-19 13:32:11.057 [warning] [Decorations] CAPPING events from decorations provider vscode.git 417
2024-04-19 13:32:16.075 [warning] [Decorations] CAPPING events from decorations provider vscode.git 418
2024-04-19 13:32:21.095 [warning] [Decorations] CAPPING events from decorations provider vscode.git 418
2024-04-19 13:32:26.112 [warning] [Decorations] CAPPING events from decorations provider vscode.git 419
2024-04-19 13:32:35.096 [warning] [Decorations] CAPPING events from decorations provider vscode.git 419
2024-04-19 13:32:40.114 [warning] [Decorations] CAPPING events from decorations provider vscode.git 419
2024-04-19 13:32:45.132 [warning] [Decorations] CAPPING events from decorations provider vscode.git 419
2024-04-19 13:32:50.149 [warning] [Decorations] CAPPING events from decorations provider vscode.git 419
2024-04-19 13:32:55.166 [warning] [Decorations] CAPPING events from decorations provider vscode.git 421
2024-04-19 13:33:00.772 [warning] [Decorations] CAPPING events from decorations provider vscode.git 421
2024-04-19 13:33:49.109 [warning] [Decorations] CAPPING events from decorations provider vscode.git 421
2024-04-19 13:33:54.126 [warning] [Decorations] CAPPING events from decorations provider vscode.git 422
2024-04-19 13:34:02.663 [warning] [Decorations] CAPPING events from decorations provider vscode.git 421
2024-04-19 13:34:07.682 [warning] [Decorations] CAPPING events from decorations provider vscode.git 422
2024-04-19 13:34:12.701 [warning] [Decorations] CAPPING events from decorations provider vscode.git 423
2024-04-19 13:34:17.723 [warning] [Decorations] CAPPING events from decorations provider vscode.git 422
2024-04-19 13:34:22.739 [warning] [Decorations] CAPPING events from decorations provider vscode.git 422
2024-04-19 13:34:31.938 [warning] [Decorations] CAPPING events from decorations provider vscode.git 423
2024-04-19 13:34:37.444 [warning] [Decorations] CAPPING events from decorations provider vscode.git 423
2024-04-19 13:34:42.463 [warning] [Decorations] CAPPING events from decorations provider vscode.git 424
2024-04-19 13:34:47.479 [warning] [Decorations] CAPPING events from decorations provider vscode.git 423
2024-04-19 13:34:53.194 [warning] [Decorations] CAPPING events from decorations provider vscode.git 423
2024-04-19 13:34:58.988 [warning] [Decorations] CAPPING events from decorations provider vscode.git 423
2024-04-19 13:35:04.007 [warning] [Decorations] CAPPING events from decorations provider vscode.git 423
2024-04-19 13:35:09.024 [warning] [Decorations] CAPPING events from decorations provider vscode.git 424
2024-04-19 13:35:18.810 [warning] [Decorations] CAPPING events from decorations provider vscode.git 424
2024-04-19 13:35:37.728 [warning] [Decorations] CAPPING events from decorations provider vscode.git 423
2024-04-19 13:35:42.746 [warning] [Decorations] CAPPING events from decorations provider vscode.git 423
2024-04-19 13:35:47.769 [warning] [Decorations] CAPPING events from decorations provider vscode.git 423
2024-04-19 13:35:52.785 [warning] [Decorations] CAPPING events from decorations provider vscode.git 424
2024-04-19 13:35:57.931 [warning] [Decorations] CAPPING events from decorations provider vscode.git 424
2024-04-19 13:36:12.153 [warning] [Decorations] CAPPING events from decorations provider vscode.git 425
2024-04-19 13:36:17.170 [warning] [Decorations] CAPPING events from decorations provider vscode.git 424
2024-04-19 13:36:22.198 [warning] [Decorations] CAPPING events from decorations provider vscode.git 425
2024-04-19 13:36:27.217 [warning] [Decorations] CAPPING events from decorations provider vscode.git 425
2024-04-19 13:36:32.237 [warning] [Decorations] CAPPING events from decorations provider vscode.git 426
2024-04-19 13:36:41.076 [warning] [Decorations] CAPPING events from decorations provider vscode.git 425
2024-04-19 13:36:46.726 [warning] [Decorations] CAPPING events from decorations provider vscode.git 425
2024-04-19 13:36:57.095 [warning] [Decorations] CAPPING events from decorations provider vscode.git 426
2024-04-19 13:37:02.115 [warning] [Decorations] CAPPING events from decorations provider vscode.git 427
2024-04-19 13:37:07.134 [warning] [Decorations] CAPPING events from decorations provider vscode.git 428
2024-04-19 13:37:12.157 [warning] [Decorations] CAPPING events from decorations provider vscode.git 427
2024-04-19 13:37:17.176 [warning] [Decorations] CAPPING events from decorations provider vscode.git 428
2024-04-19 13:37:22.194 [warning] [Decorations] CAPPING events from decorations provider vscode.git 428
2024-04-19 13:37:27.213 [warning] [Decorations] CAPPING events from decorations provider vscode.git 428
2024-04-19 13:37:32.231 [warning] [Decorations] CAPPING events from decorations provider vscode.git 429
2024-04-19 13:37:37.248 [warning] [Decorations] CAPPING events from decorations provider vscode.git 429
2024-04-19 13:37:42.265 [warning] [Decorations] CAPPING events from decorations provider vscode.git 429
2024-04-19 13:37:47.285 [warning] [Decorations] CAPPING events from decorations provider vscode.git 428
2024-04-19 13:38:01.873 [warning] [Decorations] CAPPING events from decorations provider vscode.git 428
2024-04-19 13:38:06.892 [warning] [Decorations] CAPPING events from decorations provider vscode.git 428
2024-04-19 13:38:11.911 [warning] [Decorations] CAPPING events from decorations provider vscode.git 429
2024-04-19 13:38:16.933 [warning] [Decorations] CAPPING events from decorations provider vscode.git 430
2024-04-19 13:38:21.949 [warning] [Decorations] CAPPING events from decorations provider vscode.git 431
2024-04-19 13:38:26.965 [warning] [Decorations] CAPPING events from decorations provider vscode.git 430
2024-04-19 13:38:31.986 [warning] [Decorations] CAPPING events from decorations provider vscode.git 430
2024-04-19 13:38:39.676 [warning] [Decorations] CAPPING events from decorations provider vscode.git 430
2024-04-19 13:38:47.027 [warning] [Decorations] CAPPING events from decorations provider vscode.git 430
2024-04-19 13:38:52.048 [warning] [Decorations] CAPPING events from decorations provider vscode.git 430
2024-04-19 13:40:34.100 [warning] [Decorations] CAPPING events from decorations provider vscode.git 431
2024-04-19 13:40:39.117 [warning] [Decorations] CAPPING events from decorations provider vscode.git 431
2024-04-19 13:40:44.135 [warning] [Decorations] CAPPING events from decorations provider vscode.git 431
2024-04-19 13:40:49.155 [warning] [Decorations] CAPPING events from decorations provider vscode.git 431
2024-04-19 13:40:54.172 [warning] [Decorations] CAPPING events from decorations provider vscode.git 431
2024-04-19 13:40:59.192 [warning] [Decorations] CAPPING events from decorations provider vscode.git 431
2024-04-19 13:41:04.212 [warning] [Decorations] CAPPING events from decorations provider vscode.git 431
2024-04-19 13:41:09.228 [warning] [Decorations] CAPPING events from decorations provider vscode.git 431
2024-04-19 13:41:14.246 [warning] [Decorations] CAPPING events from decorations provider vscode.git 431
2024-04-19 13:41:38.451 [warning] [Decorations] CAPPING events from decorations provider vscode.git 431
2024-04-19 13:58:08.362 [warning] [Decorations] CAPPING events from decorations provider vscode.git 431
2024-04-19 13:58:29.515 [warning] [Decorations] CAPPING events from decorations provider vscode.git 431
2024-04-19 13:58:34.535 [warning] [Decorations] CAPPING events from decorations provider vscode.git 431
2024-04-19 13:58:39.554 [warning] [Decorations] CAPPING events from decorations provider vscode.git 431
2024-04-19 13:59:13.462 [warning] [Decorations] CAPPING events from decorations provider vscode.git 431
2024-04-19 13:59:18.481 [warning] [Decorations] CAPPING events from decorations provider vscode.git 431
