2024-04-20 14:14:32.168 [info] Log level: Info
2024-04-20 14:14:32.168 [info] Validating found git in: "git"
2024-04-20 14:14:32.168 [info] Using git "2.34.1" from "git"
2024-04-20 14:14:32.168 [info] > git rev-parse --show-toplevel [6ms]
2024-04-20 14:14:32.178 [info] > git rev-parse --git-dir --git-common-dir [9ms]
2024-04-20 14:14:32.184 [info] Open repository: /home/kyawkyawlin/React_Projects/react-blog
2024-04-20 14:14:32.202 [info] > git config --get commit.template [5ms]
2024-04-20 14:14:32.211 [info] > git rev-parse --show-toplevel [11ms]
2024-04-20 14:14:32.224 [info] > git rev-parse --show-toplevel [2ms]
2024-04-20 14:14:32.224 [info] > git for-each-ref --format=%(refname)%00%(upstream:short)%00%(objectname)%00%(upstream:track)%00%(upstream:remotename)%00%(upstream:remoteref) refs/heads/chapter-13-functions-as-props refs/remotes/chapter-13-functions-as-props [8ms]
2024-04-20 14:14:32.238 [info] > git rev-parse --show-toplevel [5ms]
2024-04-20 14:14:32.250 [info] > git status -z -uall [21ms]
2024-04-20 14:14:32.266 [info] > git rev-parse --show-toplevel [17ms]
2024-04-20 14:14:32.269 [info] > git config --get commit.template [3ms]
2024-04-20 14:14:32.319 [info] > git for-each-ref --format=%(refname)%00%(upstream:short)%00%(objectname)%00%(upstream:track)%00%(upstream:remotename)%00%(upstream:remoteref) refs/heads/chapter-13-functions-as-props refs/remotes/chapter-13-functions-as-props [42ms]
2024-04-20 14:14:32.364 [info] > git status -z -uall [30ms]
2024-04-20 14:14:32.753 [info] > git check-ignore -v -z --stdin [11ms]
2024-04-20 14:14:32.754 [info] > git show --textconv :src/BlogList.js [6ms]
2024-04-20 14:14:32.754 [info] > git ls-files --stage -- /home/kyawkyawlin/React_Projects/react-blog/src/BlogList.js [2ms]
2024-04-20 14:14:32.762 [info] > git cat-file -s 1b2d4c28823b0a45847275cfbccdbc6862b8407b [3ms]
2024-04-20 14:14:34.978 [info] > git config --get commit.template [3ms]
2024-04-20 14:14:34.978 [info] > git for-each-ref --format=%(refname)%00%(upstream:short)%00%(objectname)%00%(upstream:track)%00%(upstream:remotename)%00%(upstream:remoteref) refs/heads/chapter-13-functions-as-props refs/remotes/chapter-13-functions-as-props [0ms]
2024-04-20 14:14:34.985 [info] > git status -z -uall [4ms]
2024-04-20 14:14:42.569 [info] > git config --get commit.template [3ms]
2024-04-20 14:14:42.570 [info] > git for-each-ref --format=%(refname)%00%(upstream:short)%00%(objectname)%00%(upstream:track)%00%(upstream:remotename)%00%(upstream:remoteref) refs/heads/chapter-13-functions-as-props refs/remotes/chapter-13-functions-as-props [1ms]
2024-04-20 14:14:42.577 [info] > git status -z -uall [4ms]
2024-04-20 14:14:52.107 [info] > git config --get commit.template [4ms]
2024-04-20 14:14:52.107 [info] > git for-each-ref --format=%(refname)%00%(upstream:short)%00%(objectname)%00%(upstream:track)%00%(upstream:remotename)%00%(upstream:remoteref) refs/heads/chapter-13-functions-as-props refs/remotes/chapter-13-functions-as-props [1ms]
2024-04-20 14:14:52.114 [info] > git status -z -uall [4ms]
2024-04-20 14:15:01.032 [info] > git config --get commit.template [4ms]
2024-04-20 14:15:01.032 [info] > git for-each-ref --format=%(refname)%00%(upstream:short)%00%(objectname)%00%(upstream:track)%00%(upstream:remotename)%00%(upstream:remoteref) refs/heads/chapter-13-functions-as-props refs/remotes/chapter-13-functions-as-props [1ms]
2024-04-20 14:15:01.040 [info] > git status -z -uall [5ms]
2024-04-20 14:15:12.877 [info] > git config --get commit.template [6ms]
2024-04-20 14:15:12.878 [info] > git for-each-ref --format=%(refname)%00%(upstream:short)%00%(objectname)%00%(upstream:track)%00%(upstream:remotename)%00%(upstream:remoteref) refs/heads/chapter-13-functions-as-props refs/remotes/chapter-13-functions-as-props [2ms]
2024-04-20 14:15:12.889 [info] > git status -z -uall [6ms]
2024-04-20 14:15:12.899 [info] > git merge-base refs/heads/chapter-13-functions-as-props refs/remotes/origin/chapter-13-functions-as-props [4ms]
2024-04-20 14:15:12.903 [info] > git rev-list --count --left-right refs/heads/chapter-13-functions-as-props...refs/remotes/origin/chapter-13-functions-as-props [1ms]
2024-04-20 14:15:12.908 [info] > git diff --name-status -z --diff-filter=ADMR 912d57466385b2260a260f20547e8cf9adb0158b...refs/remotes/origin/chapter-13-functions-as-props [1ms]
2024-04-20 14:15:13.154 [info] > git ls-files --stage -- /home/kyawkyawlin/React_Projects/react-blog/src/BlogList.js [2ms]
2024-04-20 14:15:13.159 [info] > git cat-file -s 1b2d4c28823b0a45847275cfbccdbc6862b8407b [1ms]
2024-04-20 14:15:13.167 [info] > git show --textconv :src/BlogList.js [2ms]
2024-04-20 14:33:32.786 [info] > git config --get commit.template [8ms]
2024-04-20 14:33:32.804 [info] > git for-each-ref --format=%(refname)%00%(upstream:short)%00%(objectname)%00%(upstream:track)%00%(upstream:remotename)%00%(upstream:remoteref) refs/heads/chapter-13-functions-as-props refs/remotes/chapter-13-functions-as-props [4ms]
2024-04-20 14:33:32.831 [info] > git status -z -uall [21ms]
2024-04-20 14:33:37.859 [info] > git config --get commit.template [3ms]
2024-04-20 14:33:37.860 [info] > git for-each-ref --format=%(refname)%00%(upstream:short)%00%(objectname)%00%(upstream:track)%00%(upstream:remotename)%00%(upstream:remoteref) refs/heads/chapter-13-functions-as-props refs/remotes/chapter-13-functions-as-props [1ms]
2024-04-20 14:33:37.873 [info] > git status -z -uall [6ms]
2024-04-20 14:33:43.975 [info] > git show --textconv :src/Home.js [4ms]
2024-04-20 14:33:43.977 [info] > git ls-files --stage -- /home/kyawkyawlin/React_Projects/react-blog/src/Home.js [1ms]
2024-04-20 14:33:43.981 [info] > git cat-file -s 5a05eb04dfb3e0a00e9774f4f8169cf49312dfd2 [1ms]
2024-04-20 14:33:45.277 [info] > git config --get commit.template [3ms]
2024-04-20 14:33:45.279 [info] > git for-each-ref --format=%(refname)%00%(upstream:short)%00%(objectname)%00%(upstream:track)%00%(upstream:remotename)%00%(upstream:remoteref) refs/heads/chapter-13-functions-as-props refs/remotes/chapter-13-functions-as-props [1ms]
2024-04-20 14:33:45.287 [info] > git status -z -uall [6ms]
2024-04-20 14:33:50.299 [info] > git config --get commit.template [4ms]
2024-04-20 14:33:50.299 [info] > git for-each-ref --format=%(refname)%00%(upstream:short)%00%(objectname)%00%(upstream:track)%00%(upstream:remotename)%00%(upstream:remoteref) refs/heads/chapter-13-functions-as-props refs/remotes/chapter-13-functions-as-props [0ms]
2024-04-20 14:33:50.309 [info] > git status -z -uall [7ms]
2024-04-20 14:33:55.322 [info] > git config --get commit.template [4ms]
2024-04-20 14:33:55.323 [info] > git for-each-ref --format=%(refname)%00%(upstream:short)%00%(objectname)%00%(upstream:track)%00%(upstream:remotename)%00%(upstream:remoteref) refs/heads/chapter-13-functions-as-props refs/remotes/chapter-13-functions-as-props [1ms]
2024-04-20 14:33:55.332 [info] > git status -z -uall [6ms]
2024-04-20 14:34:00.346 [info] > git config --get commit.template [3ms]
2024-04-20 14:34:00.347 [info] > git for-each-ref --format=%(refname)%00%(upstream:short)%00%(objectname)%00%(upstream:track)%00%(upstream:remotename)%00%(upstream:remoteref) refs/heads/chapter-13-functions-as-props refs/remotes/chapter-13-functions-as-props [1ms]
2024-04-20 14:34:00.358 [info] > git status -z -uall [7ms]
2024-04-20 14:34:05.549 [info] > git config --get commit.template [4ms]
2024-04-20 14:34:05.550 [info] > git for-each-ref --format=%(refname)%00%(upstream:short)%00%(objectname)%00%(upstream:track)%00%(upstream:remotename)%00%(upstream:remoteref) refs/heads/chapter-13-functions-as-props refs/remotes/chapter-13-functions-as-props [1ms]
2024-04-20 14:34:05.559 [info] > git status -z -uall [6ms]
2024-04-20 14:34:10.570 [info] > git config --get commit.template [3ms]
2024-04-20 14:34:10.571 [info] > git for-each-ref --format=%(refname)%00%(upstream:short)%00%(objectname)%00%(upstream:track)%00%(upstream:remotename)%00%(upstream:remoteref) refs/heads/chapter-13-functions-as-props refs/remotes/chapter-13-functions-as-props [1ms]
2024-04-20 14:34:10.585 [info] > git status -z -uall [6ms]
2024-04-20 14:34:16.158 [info] > git config --get commit.template [6ms]
2024-04-20 14:34:16.160 [info] > git for-each-ref --format=%(refname)%00%(upstream:short)%00%(objectname)%00%(upstream:track)%00%(upstream:remotename)%00%(upstream:remoteref) refs/heads/chapter-13-functions-as-props refs/remotes/chapter-13-functions-as-props [2ms]
2024-04-20 14:34:16.171 [info] > git status -z -uall [7ms]
2024-04-20 14:34:21.183 [info] > git config --get commit.template [4ms]
2024-04-20 14:34:21.183 [info] > git for-each-ref --format=%(refname)%00%(upstream:short)%00%(objectname)%00%(upstream:track)%00%(upstream:remotename)%00%(upstream:remoteref) refs/heads/chapter-13-functions-as-props refs/remotes/chapter-13-functions-as-props [1ms]
2024-04-20 14:34:21.192 [info] > git status -z -uall [6ms]
2024-04-20 14:34:26.202 [info] > git config --get commit.template [4ms]
2024-04-20 14:34:26.203 [info] > git for-each-ref --format=%(refname)%00%(upstream:short)%00%(objectname)%00%(upstream:track)%00%(upstream:remotename)%00%(upstream:remoteref) refs/heads/chapter-13-functions-as-props refs/remotes/chapter-13-functions-as-props [1ms]
2024-04-20 14:34:26.213 [info] > git status -z -uall [7ms]
2024-04-20 14:34:31.222 [info] > git config --get commit.template [3ms]
2024-04-20 14:34:31.223 [info] > git for-each-ref --format=%(refname)%00%(upstream:short)%00%(objectname)%00%(upstream:track)%00%(upstream:remotename)%00%(upstream:remoteref) refs/heads/chapter-13-functions-as-props refs/remotes/chapter-13-functions-as-props [1ms]
2024-04-20 14:34:31.233 [info] > git status -z -uall [7ms]
2024-04-20 14:34:39.059 [info] > git config --get commit.template [7ms]
2024-04-20 14:34:39.060 [info] > git for-each-ref --format=%(refname)%00%(upstream:short)%00%(objectname)%00%(upstream:track)%00%(upstream:remotename)%00%(upstream:remoteref) refs/heads/chapter-13-functions-as-props refs/remotes/chapter-13-functions-as-props [2ms]
2024-04-20 14:34:39.072 [info] > git status -z -uall [8ms]
2024-04-20 14:35:12.737 [info] > git config --get commit.template [4ms]
2024-04-20 14:35:12.750 [info] > git for-each-ref --format=%(refname)%00%(upstream:short)%00%(objectname)%00%(upstream:track)%00%(upstream:remotename)%00%(upstream:remoteref) refs/heads/chapter-13-functions-as-props refs/remotes/chapter-13-functions-as-props [3ms]
2024-04-20 14:35:12.771 [info] > git status -z -uall [12ms]
2024-04-20 14:35:34.290 [info] > git config --get commit.template [7ms]
2024-04-20 14:35:34.291 [info] > git for-each-ref --format=%(refname)%00%(upstream:short)%00%(objectname)%00%(upstream:track)%00%(upstream:remotename)%00%(upstream:remoteref) refs/heads/chapter-14-useEffect refs/remotes/chapter-14-useEffect [2ms]
2024-04-20 14:35:34.306 [info] > git status -z -uall [11ms]
2024-04-20 14:35:34.313 [info] > git ls-files --stage -- /home/kyawkyawlin/React_Projects/react-blog/src/Home.js [1ms]
2024-04-20 14:35:34.321 [info] > git cat-file -s 5a05eb04dfb3e0a00e9774f4f8169cf49312dfd2 [1ms]
2024-04-20 14:35:34.343 [info] > git show --textconv :src/Home.js [2ms]
