2024-04-18 17:23:53.758 [info] Getting Manifest... sidthesloth.html5-boilerplate
2024-04-18 17:23:53.764 [info] Installing extension: sidthesloth.html5-boilerplate
2024-04-18 17:23:54.923 [info] Extension signature is verified: sidthesloth.html5-boilerplate
2024-04-18 17:23:54.944 [info] Extracted extension to file:///root/.vscode/extensions/sidthesloth.html5-boilerplate-1.1.1: sidthesloth.html5-boilerplate
2024-04-18 17:23:54.947 [info] Renamed to /root/.vscode/extensions/sidthesloth.html5-boilerplate-1.1.1
2024-04-18 17:23:54.947 [info] Extracting extension completed. sidthesloth.html5-boilerplate
2024-04-18 17:23:54.953 [info] Extension installed successfully: sidthesloth.html5-boilerplate
2024-04-18 17:23:55.036 [error] [uncaught exception in sharedProcess]: Error: ENOENT: no such file or directory, stat '/root/.vscode/extensions/extensions.json.vsctmp': EntryNotFound (FileSystemError): Error: ENOENT: no such file or directory, stat '/root/.vscode/extensions/extensions.json.vsctmp'
    at r.create (/snap/code/157/usr/share/code/resources/app/out/vs/code/node/sharedProcess/sharedProcessMain.js:53:30080)
    at a (/snap/code/157/usr/share/code/resources/app/out/vs/code/node/sharedProcess/sharedProcessMain.js:53:30195)
    at i.fb (/snap/code/157/usr/share/code/resources/app/out/vs/code/node/sharedProcess/sharedProcessMain.js:58:36500)
    at i.stat (/snap/code/157/usr/share/code/resources/app/out/vs/code/node/sharedProcess/sharedProcessMain.js:58:28946)
    at async $.stat (/snap/code/157/usr/share/code/resources/app/out/vs/code/node/sharedProcess/sharedProcessMain.js:58:16092)
    at async K.sb (/snap/code/157/usr/share/code/resources/app/out/vs/code/node/sharedProcess/sharedProcessMain.js:104:108402)
2024-04-18 17:24:11.652 [info] Getting Manifest... zignd.html-css-class-completion
2024-04-18 17:24:11.660 [info] Installing extension: zignd.html-css-class-completion
2024-04-18 17:24:12.576 [info] Extension signature is verified: zignd.html-css-class-completion
2024-04-18 17:24:13.009 [info] Extracted extension to file:///root/.vscode/extensions/zignd.html-css-class-completion-1.20.0: zignd.html-css-class-completion
2024-04-18 17:24:13.016 [info] Renamed to /root/.vscode/extensions/zignd.html-css-class-completion-1.20.0
2024-04-18 17:24:13.017 [info] Extracting extension completed. zignd.html-css-class-completion
2024-04-18 17:24:13.022 [info] Extension installed successfully: zignd.html-css-class-completion
2024-04-18 17:24:13.098 [error] [uncaught exception in sharedProcess]: Error: ENOENT: no such file or directory, stat '/root/.vscode/extensions/extensions.json.vsctmp': EntryNotFound (FileSystemError): Error: ENOENT: no such file or directory, stat '/root/.vscode/extensions/extensions.json.vsctmp'
    at r.create (/snap/code/157/usr/share/code/resources/app/out/vs/code/node/sharedProcess/sharedProcessMain.js:53:30080)
    at a (/snap/code/157/usr/share/code/resources/app/out/vs/code/node/sharedProcess/sharedProcessMain.js:53:30195)
    at i.fb (/snap/code/157/usr/share/code/resources/app/out/vs/code/node/sharedProcess/sharedProcessMain.js:58:36500)
    at i.stat (/snap/code/157/usr/share/code/resources/app/out/vs/code/node/sharedProcess/sharedProcessMain.js:58:28946)
    at async $.stat (/snap/code/157/usr/share/code/resources/app/out/vs/code/node/sharedProcess/sharedProcessMain.js:58:16092)
    at async K.sb (/snap/code/157/usr/share/code/resources/app/out/vs/code/node/sharedProcess/sharedProcessMain.js:104:108402)
2024-04-18 17:24:14.610 [info] Getting Manifest... aessoft.aessoft-class-autocomplete
2024-04-18 17:24:14.624 [info] Installing extension: aessoft.aessoft-class-autocomplete
2024-04-18 17:24:15.587 [info] Extension signature is verified: aessoft.aessoft-class-autocomplete
2024-04-18 17:24:15.658 [info] Extracted extension to file:///root/.vscode/extensions/aessoft.aessoft-class-autocomplete-0.1.0: aessoft.aessoft-class-autocomplete
2024-04-18 17:24:15.660 [info] Renamed to /root/.vscode/extensions/aessoft.aessoft-class-autocomplete-0.1.0
2024-04-18 17:24:15.661 [info] Extracting extension completed. aessoft.aessoft-class-autocomplete
2024-04-18 17:24:15.666 [info] Extension installed successfully: aessoft.aessoft-class-autocomplete
2024-04-18 17:24:15.738 [error] [uncaught exception in sharedProcess]: Error: ENOENT: no such file or directory, stat '/root/.vscode/extensions/extensions.json.vsctmp': EntryNotFound (FileSystemError): Error: ENOENT: no such file or directory, stat '/root/.vscode/extensions/extensions.json.vsctmp'
    at r.create (/snap/code/157/usr/share/code/resources/app/out/vs/code/node/sharedProcess/sharedProcessMain.js:53:30080)
    at a (/snap/code/157/usr/share/code/resources/app/out/vs/code/node/sharedProcess/sharedProcessMain.js:53:30195)
    at i.fb (/snap/code/157/usr/share/code/resources/app/out/vs/code/node/sharedProcess/sharedProcessMain.js:58:36500)
    at i.stat (/snap/code/157/usr/share/code/resources/app/out/vs/code/node/sharedProcess/sharedProcessMain.js:58:28946)
    at async $.stat (/snap/code/157/usr/share/code/resources/app/out/vs/code/node/sharedProcess/sharedProcessMain.js:58:16092)
    at async K.sb (/snap/code/157/usr/share/code/resources/app/out/vs/code/node/sharedProcess/sharedProcessMain.js:104:108402)
