2024-04-20 23:20:57.587 [info] Log level: Info
2024-04-20 23:20:57.587 [info] Validating found git in: "git"
2024-04-20 23:20:57.587 [info] Using git "2.34.1" from "git"
2024-04-20 23:20:57.587 [info] > git rev-parse --show-toplevel [3ms]
2024-04-20 23:20:57.587 [info] > git rev-parse --git-dir --git-common-dir [2ms]
2024-04-20 23:20:57.587 [info] Open repository: /home/kyawkyawlin/React_Projects/react-blog
2024-04-20 23:20:57.588 [info] > git config --get commit.template [6ms]
2024-04-20 23:20:57.589 [info] > git rev-parse --show-toplevel [3ms]
2024-04-20 23:20:57.596 [info] > git for-each-ref --format=%(refname)%00%(upstream:short)%00%(objectname)%00%(upstream:track)%00%(upstream:remotename)%00%(upstream:remoteref) refs/heads/chapter-18-conditional-loading-message refs/remotes/chapter-18-conditional-loading-message [3ms]
2024-04-20 23:20:57.604 [info] > git rev-parse --show-toplevel [9ms]
2024-04-20 23:20:57.611 [info] > git rev-parse --show-toplevel [1ms]
2024-04-20 23:20:57.619 [info] > git status -z -uall [17ms]
2024-04-20 23:20:57.633 [info] > git rev-parse --show-toplevel [15ms]
2024-04-20 23:20:57.638 [info] > git config --get commit.template [6ms]
2024-04-20 23:20:57.640 [info] > git rev-parse --show-toplevel [3ms]
2024-04-20 23:20:57.651 [info] > git for-each-ref --format=%(refname)%00%(upstream:short)%00%(objectname)%00%(upstream:track)%00%(upstream:remotename)%00%(upstream:remoteref) refs/heads/chapter-18-conditional-loading-message refs/remotes/chapter-18-conditional-loading-message [2ms]
2024-04-20 23:20:57.664 [info] > git status -z -uall [10ms]
2024-04-20 23:20:58.201 [info] > git check-ignore -v -z --stdin [1ms]
2024-04-20 23:20:58.298 [info] > git show --textconv :src/BlogList.js [5ms]
2024-04-20 23:20:58.299 [info] > git ls-files --stage -- /home/kyawkyawlin/React_Projects/react-blog/src/BlogList.js [2ms]
2024-04-20 23:20:58.305 [info] > git cat-file -s b68c5490f0d7e2ff22028255101ea9ad7b0b9d83 [1ms]
2024-04-20 23:21:00.337 [info] > git config --get commit.template [3ms]
2024-04-20 23:21:00.338 [info] > git for-each-ref --format=%(refname)%00%(upstream:short)%00%(objectname)%00%(upstream:track)%00%(upstream:remotename)%00%(upstream:remoteref) refs/heads/chapter-18-conditional-loading-message refs/remotes/chapter-18-conditional-loading-message [1ms]
2024-04-20 23:21:00.347 [info] > git status -z -uall [7ms]
2024-04-20 23:21:07.706 [info] > git config --get commit.template [4ms]
2024-04-20 23:21:07.707 [info] > git for-each-ref --format=%(refname)%00%(upstream:short)%00%(objectname)%00%(upstream:track)%00%(upstream:remotename)%00%(upstream:remoteref) refs/heads/chapter-18-conditional-loading-message refs/remotes/chapter-18-conditional-loading-message [2ms]
2024-04-20 23:21:07.718 [info] > git status -z -uall [8ms]
2024-04-20 23:21:17.850 [info] > git config --get commit.template [3ms]
2024-04-20 23:21:17.851 [info] > git for-each-ref --format=%(refname)%00%(upstream:short)%00%(objectname)%00%(upstream:track)%00%(upstream:remotename)%00%(upstream:remoteref) refs/heads/chapter-18-conditional-loading-message refs/remotes/chapter-18-conditional-loading-message [1ms]
2024-04-20 23:21:17.859 [info] > git status -z -uall [6ms]
2024-04-20 23:21:26.814 [info] > git config --get commit.template [3ms]
2024-04-20 23:21:26.814 [info] > git for-each-ref --format=%(refname)%00%(upstream:short)%00%(objectname)%00%(upstream:track)%00%(upstream:remotename)%00%(upstream:remoteref) refs/heads/chapter-18-conditional-loading-message refs/remotes/chapter-18-conditional-loading-message [1ms]
2024-04-20 23:21:26.823 [info] > git status -z -uall [6ms]
2024-04-20 23:21:39.322 [info] > git config --get commit.template [3ms]
2024-04-20 23:21:39.322 [info] > git for-each-ref --format=%(refname)%00%(upstream:short)%00%(objectname)%00%(upstream:track)%00%(upstream:remotename)%00%(upstream:remoteref) refs/heads/chapter-18-conditional-loading-message refs/remotes/chapter-18-conditional-loading-message [1ms]
2024-04-20 23:21:39.331 [info] > git status -z -uall [7ms]
2024-04-20 23:21:57.437 [info] > git config --get commit.template [1ms]
2024-04-20 23:21:57.440 [info] > git for-each-ref --format=%(refname)%00%(upstream:short)%00%(objectname)%00%(upstream:track)%00%(upstream:remotename)%00%(upstream:remoteref) refs/heads/chapter-18-conditional-loading-message refs/remotes/chapter-18-conditional-loading-message [1ms]
2024-04-20 23:21:57.449 [info] > git status -z -uall [7ms]
2024-04-20 23:22:17.758 [info] > git config --get commit.template [2ms]
2024-04-20 23:22:17.759 [info] > git for-each-ref --format=%(refname)%00%(upstream:short)%00%(objectname)%00%(upstream:track)%00%(upstream:remotename)%00%(upstream:remoteref) refs/heads/chapter-18-conditional-loading-message refs/remotes/chapter-18-conditional-loading-message [1ms]
2024-04-20 23:22:17.767 [info] > git status -z -uall [6ms]
2024-04-20 23:22:22.062 [info] > git show --textconv :src/Home.js [2ms]
2024-04-20 23:22:22.069 [info] > git ls-files --stage -- /home/kyawkyawlin/React_Projects/react-blog/src/Home.js [3ms]
2024-04-20 23:22:22.073 [info] > git cat-file -s 21d9d5c31b14b89fd38938e2b09548139666a159 [1ms]
2024-04-20 23:22:23.209 [info] > git config --get commit.template [3ms]
2024-04-20 23:22:23.209 [info] > git for-each-ref --format=%(refname)%00%(upstream:short)%00%(objectname)%00%(upstream:track)%00%(upstream:remotename)%00%(upstream:remoteref) refs/heads/chapter-18-conditional-loading-message refs/remotes/chapter-18-conditional-loading-message [1ms]
2024-04-20 23:22:23.219 [info] > git status -z -uall [7ms]
2024-04-20 23:22:29.424 [info] > git config --get commit.template [7ms]
2024-04-20 23:22:29.424 [info] > git for-each-ref --format=%(refname)%00%(upstream:short)%00%(objectname)%00%(upstream:track)%00%(upstream:remotename)%00%(upstream:remoteref) refs/heads/chapter-18-conditional-loading-message refs/remotes/chapter-18-conditional-loading-message [3ms]
2024-04-20 23:22:29.436 [info] > git status -z -uall [7ms]
2024-04-20 23:22:34.447 [info] > git config --get commit.template [3ms]
2024-04-20 23:22:34.447 [info] > git for-each-ref --format=%(refname)%00%(upstream:short)%00%(objectname)%00%(upstream:track)%00%(upstream:remotename)%00%(upstream:remoteref) refs/heads/chapter-18-conditional-loading-message refs/remotes/chapter-18-conditional-loading-message [1ms]
2024-04-20 23:22:34.456 [info] > git status -z -uall [7ms]
2024-04-20 23:22:39.464 [info] > git config --get commit.template [2ms]
2024-04-20 23:22:39.465 [info] > git for-each-ref --format=%(refname)%00%(upstream:short)%00%(objectname)%00%(upstream:track)%00%(upstream:remotename)%00%(upstream:remoteref) refs/heads/chapter-18-conditional-loading-message refs/remotes/chapter-18-conditional-loading-message [1ms]
2024-04-20 23:22:39.473 [info] > git status -z -uall [6ms]
2024-04-20 23:22:46.509 [info] > git config --get commit.template [3ms]
2024-04-20 23:22:46.509 [info] > git for-each-ref --format=%(refname)%00%(upstream:short)%00%(objectname)%00%(upstream:track)%00%(upstream:remotename)%00%(upstream:remoteref) refs/heads/chapter-18-conditional-loading-message refs/remotes/chapter-18-conditional-loading-message [1ms]
2024-04-20 23:22:46.518 [info] > git status -z -uall [7ms]
2024-04-20 23:22:51.528 [info] > git config --get commit.template [3ms]
2024-04-20 23:22:51.529 [info] > git for-each-ref --format=%(refname)%00%(upstream:short)%00%(objectname)%00%(upstream:track)%00%(upstream:remotename)%00%(upstream:remoteref) refs/heads/chapter-18-conditional-loading-message refs/remotes/chapter-18-conditional-loading-message [1ms]
2024-04-20 23:22:51.538 [info] > git status -z -uall [7ms]
2024-04-20 23:22:56.546 [info] > git config --get commit.template [3ms]
2024-04-20 23:22:56.547 [info] > git for-each-ref --format=%(refname)%00%(upstream:short)%00%(objectname)%00%(upstream:track)%00%(upstream:remotename)%00%(upstream:remoteref) refs/heads/chapter-18-conditional-loading-message refs/remotes/chapter-18-conditional-loading-message [1ms]
2024-04-20 23:22:56.556 [info] > git status -z -uall [7ms]
2024-04-20 23:23:01.566 [info] > git config --get commit.template [2ms]
2024-04-20 23:23:01.566 [info] > git for-each-ref --format=%(refname)%00%(upstream:short)%00%(objectname)%00%(upstream:track)%00%(upstream:remotename)%00%(upstream:remoteref) refs/heads/chapter-18-conditional-loading-message refs/remotes/chapter-18-conditional-loading-message [1ms]
2024-04-20 23:23:01.575 [info] > git status -z -uall [7ms]
2024-04-20 23:23:06.582 [info] > git config --get commit.template [3ms]
2024-04-20 23:23:06.582 [info] > git for-each-ref --format=%(refname)%00%(upstream:short)%00%(objectname)%00%(upstream:track)%00%(upstream:remotename)%00%(upstream:remoteref) refs/heads/chapter-18-conditional-loading-message refs/remotes/chapter-18-conditional-loading-message [1ms]
2024-04-20 23:23:06.591 [info] > git status -z -uall [7ms]
2024-04-20 23:23:52.620 [info] > git config --get commit.template [6ms]
2024-04-20 23:23:52.621 [info] > git for-each-ref --format=%(refname)%00%(upstream:short)%00%(objectname)%00%(upstream:track)%00%(upstream:remotename)%00%(upstream:remoteref) refs/heads/chapter-18-conditional-loading-message refs/remotes/chapter-18-conditional-loading-message [2ms]
2024-04-20 23:23:52.634 [info] > git status -z -uall [10ms]
2024-04-20 23:23:52.640 [info] > git ls-files --stage -- /home/kyawkyawlin/React_Projects/react-blog/src/Home.js [1ms]
2024-04-20 23:23:52.646 [info] > git cat-file -s 21d9d5c31b14b89fd38938e2b09548139666a159 [2ms]
2024-04-20 23:23:52.656 [info] > git show --textconv :src/Home.js [1ms]
2024-04-20 23:23:57.642 [info] > git config --get commit.template [2ms]
2024-04-20 23:23:57.643 [info] > git for-each-ref --format=%(refname)%00%(upstream:short)%00%(objectname)%00%(upstream:track)%00%(upstream:remotename)%00%(upstream:remoteref) refs/heads/chapter-18-conditional-loading-message refs/remotes/chapter-18-conditional-loading-message [1ms]
2024-04-20 23:23:57.653 [info] > git status -z -uall [8ms]
2024-04-20 23:24:06.381 [info] > git config --get commit.template [2ms]
2024-04-20 23:24:06.381 [info] > git for-each-ref --format=%(refname)%00%(upstream:short)%00%(objectname)%00%(upstream:track)%00%(upstream:remotename)%00%(upstream:remoteref) refs/heads/chapter-18-conditional-loading-message refs/remotes/chapter-18-conditional-loading-message [1ms]
2024-04-20 23:24:06.390 [info] > git status -z -uall [7ms]
2024-04-20 23:24:16.308 [info] > git config --get commit.template [4ms]
2024-04-20 23:24:16.308 [info] > git for-each-ref --format=%(refname)%00%(upstream:short)%00%(objectname)%00%(upstream:track)%00%(upstream:remotename)%00%(upstream:remoteref) refs/heads/chapter-18-conditional-loading-message refs/remotes/chapter-18-conditional-loading-message [1ms]
2024-04-20 23:24:16.321 [info] > git status -z -uall [10ms]
2024-04-20 23:24:22.816 [info] > git config --get commit.template [6ms]
2024-04-20 23:24:22.816 [info] > git for-each-ref --format=%(refname)%00%(upstream:short)%00%(objectname)%00%(upstream:track)%00%(upstream:remotename)%00%(upstream:remoteref) refs/heads/chapter-18-conditional-loading-message refs/remotes/chapter-18-conditional-loading-message [1ms]
2024-04-20 23:24:22.830 [info] > git status -z -uall [10ms]
2024-04-20 23:24:29.138 [info] > git config --get commit.template [3ms]
2024-04-20 23:24:29.139 [info] > git for-each-ref --format=%(refname)%00%(upstream:short)%00%(objectname)%00%(upstream:track)%00%(upstream:remotename)%00%(upstream:remoteref) refs/heads/chapter-18-conditional-loading-message refs/remotes/chapter-18-conditional-loading-message [2ms]
2024-04-20 23:24:29.152 [info] > git status -z -uall [10ms]
2024-04-20 23:24:34.159 [info] > git config --get commit.template [3ms]
2024-04-20 23:24:34.160 [info] > git for-each-ref --format=%(refname)%00%(upstream:short)%00%(objectname)%00%(upstream:track)%00%(upstream:remotename)%00%(upstream:remoteref) refs/heads/chapter-18-conditional-loading-message refs/remotes/chapter-18-conditional-loading-message [1ms]
2024-04-20 23:24:34.170 [info] > git status -z -uall [8ms]
2024-04-20 23:24:44.973 [info] > git config --get commit.template [6ms]
2024-04-20 23:24:44.976 [info] > git for-each-ref --format=%(refname)%00%(upstream:short)%00%(objectname)%00%(upstream:track)%00%(upstream:remotename)%00%(upstream:remoteref) refs/heads/chapter-18-conditional-loading-message refs/remotes/chapter-18-conditional-loading-message [3ms]
2024-04-20 23:24:44.997 [info] > git status -z -uall [16ms]
2024-04-20 23:24:50.009 [info] > git config --get commit.template [2ms]
2024-04-20 23:24:50.010 [info] > git for-each-ref --format=%(refname)%00%(upstream:short)%00%(objectname)%00%(upstream:track)%00%(upstream:remotename)%00%(upstream:remoteref) refs/heads/chapter-18-conditional-loading-message refs/remotes/chapter-18-conditional-loading-message [1ms]
2024-04-20 23:24:50.018 [info] > git status -z -uall [6ms]
2024-04-20 23:24:55.026 [info] > git config --get commit.template [3ms]
2024-04-20 23:24:55.027 [info] > git for-each-ref --format=%(refname)%00%(upstream:short)%00%(objectname)%00%(upstream:track)%00%(upstream:remotename)%00%(upstream:remoteref) refs/heads/chapter-18-conditional-loading-message refs/remotes/chapter-18-conditional-loading-message [0ms]
2024-04-20 23:24:55.036 [info] > git status -z -uall [7ms]
2024-04-20 23:25:00.402 [info] > git config --get commit.template [6ms]
2024-04-20 23:25:00.403 [info] > git for-each-ref --format=%(refname)%00%(upstream:short)%00%(objectname)%00%(upstream:track)%00%(upstream:remotename)%00%(upstream:remoteref) refs/heads/chapter-18-conditional-loading-message refs/remotes/chapter-18-conditional-loading-message [2ms]
2024-04-20 23:25:00.415 [info] > git status -z -uall [8ms]
2024-04-20 23:25:10.620 [info] > git config --get commit.template [3ms]
2024-04-20 23:25:10.620 [info] > git for-each-ref --format=%(refname)%00%(upstream:short)%00%(objectname)%00%(upstream:track)%00%(upstream:remotename)%00%(upstream:remoteref) refs/heads/chapter-18-conditional-loading-message refs/remotes/chapter-18-conditional-loading-message [0ms]
2024-04-20 23:25:10.629 [info] > git status -z -uall [6ms]
2024-04-20 23:25:18.857 [info] > git config --get commit.template [4ms]
2024-04-20 23:25:18.858 [info] > git for-each-ref --format=%(refname)%00%(upstream:short)%00%(objectname)%00%(upstream:track)%00%(upstream:remotename)%00%(upstream:remoteref) refs/heads/chapter-18-conditional-loading-message refs/remotes/chapter-18-conditional-loading-message [1ms]
2024-04-20 23:25:18.869 [info] > git status -z -uall [8ms]
