2024-04-18 16:42:26.153 [info] Added views:workbench.panel.markers.view in workbench.panel.markers
2024-04-18 16:42:26.153 [info] Added views:workbench.panel.output in workbench.panel.output
2024-04-18 16:42:26.153 [info] Added views:terminal in terminal
2024-04-18 16:42:26.153 [info] Added views:outline in workbench.view.explorer
2024-04-18 16:42:26.153 [info] Added views:workbench.scm in workbench.view.scm
2024-04-18 16:42:26.153 [info] Added views:workbench.view.search in workbench.view.search
2024-04-18 16:42:26.153 [info] Added views:timeline in workbench.view.explorer
2024-04-18 16:42:26.153 [info] Added views:workbench.explorer.fileView in workbench.view.explorer
2024-04-18 16:42:26.661 [info] Added views:workbench.debug.variablesView,workbench.debug.watchExpressionsView,workbench.debug.callStackView,workbench.debug.breakPointsView in workbench.view.debug
2024-04-18 16:42:26.690 [info] Added views:workbench.panel.repl.view in workbench.panel.repl
2024-04-18 16:42:26.691 [info] Removed views:workbench.debug.breakPointsView,workbench.debug.callStackView,workbench.debug.watchExpressionsView,workbench.debug.variablesView from workbench.view.debug
2024-04-18 16:42:26.692 [info] Added views:workbench.debug.welcome in workbench.view.debug
2024-04-18 16:42:26.856 [info] Added views:~remote.forwardedPorts in ~remote.forwardedPortsContainer
2024-04-18 17:23:33.076 [info] Added views:workbench.views.extensions.installed,workbench.views.extensions.popular,extensions.recommendedList in workbench.view.extensions
2024-04-18 17:23:33.077 [info] Removed views:workbench.views.extensions.popular from workbench.view.extensions
2024-04-18 17:23:36.928 [info] Removed views:extensions.recommendedList,workbench.views.extensions.installed from workbench.view.extensions
2024-04-18 17:23:36.932 [info] Added views:workbench.views.extensions.marketplace in workbench.view.extensions
2024-04-18 17:23:56.127 [info] Removed views:workbench.views.extensions.marketplace from workbench.view.extensions
2024-04-18 17:23:56.134 [info] Added views:workbench.views.extensions.installed,extensions.recommendedList in workbench.view.extensions
2024-04-18 17:24:00.058 [info] Removed views:extensions.recommendedList,workbench.views.extensions.installed from workbench.view.extensions
2024-04-18 17:24:00.063 [info] Added views:workbench.views.extensions.marketplace in workbench.view.extensions
2024-04-18 17:51:47.005 [info] Removed views:workbench.views.extensions.marketplace from workbench.view.extensions
2024-04-18 17:51:47.016 [info] Added views:workbench.views.extensions.installed,extensions.recommendedList in workbench.view.extensions
2024-04-18 17:51:49.232 [info] Removed views:extensions.recommendedList,workbench.views.extensions.installed from workbench.view.extensions
2024-04-18 17:51:49.236 [info] Added views:workbench.views.extensions.marketplace in workbench.view.extensions
